This is pdfTeX, Version 3.14159265-2.6-1.40.18 (TeX Live 2017) (preloaded format=latex 2018.2.27)  13 OCT 2018 18:32
entering extended mode
 restricted \write18 enabled.
 %&-line parsing enabled.
**graphics.ins
(./graphics.ins
LaTeX2e <2017-04-15>
Babel <3.10> and hyphenation patterns for 84 language(s) loaded.
(/usr/local/texlive/2017/texmf-dist/tex/latex/base/docstrip.tex
\blockLevel=\count79
\emptyLines=\count80
\processedLines=\count81
\commentsRemoved=\count82
\commentsPassed=\count83
\codeLinesPassed=\count84
\TotalprocessedLines=\count85
\TotalcommentsRemoved=\count86
\TotalcommentsPassed=\count87
\TotalcodeLinesPassed=\count88
\NumberOfFiles=\count89
\inFile=\read1
\inputcheck=\read2
\off@0=\count90
\off@1=\count91
\off@2=\count92
\off@3=\count93
\off@4=\count94
\off@5=\count95
\off@6=\count96
\off@7=\count97
\off@8=\count98
\off@9=\count99
\off@10=\count100
\off@11=\count101
\off@12=\count102
\off@13=\count103
\off@14=\count104
\off@15=\count105
\@maxfiles=\count106
\@maxoutfiles=\count107

Utility: `docstrip' 2.5e <2014/09/29>
English documentation    <2017/03/13>

**********************************************************
* This program converts documented macro-files into fast *
* loadable files by stripping off (nearly) all comments! *
**********************************************************

********************************************************
* No Configuration file found, using default settings. *
********************************************************

)

Generating file(s) ./graphics.sty 
\openout0 = `./graphics.sty'.


Processing file graphics.dtx (package) -> graphics.sty
Lines  processed: 1962
Comments removed: 1443
Comments  passed: 10
Codelines passed: 500


Generating file(s) ./color.sty 
\openout0 = `./color.sty'.


Processing file color.dtx (package) -> color.sty
Lines  processed: 963
Comments removed: 767
Comments  passed: 10
Codelines passed: 177


Generating file(s) ./graphicx.sty 
\openout0 = `./graphicx.sty'.


Processing file graphicx.dtx (package) -> graphicx.sty
Lines  processed: 939
Comments removed: 665
Comments  passed: 8
Codelines passed: 257


Generating file(s) ./trig.sty 
\openout0 = `./trig.sty'.


Processing file trig.dtx (package) -> trig.sty
File trig.dtx ended by \endinput.
Lines  processed: 328
Comments removed: 212
Comments  passed: 8
Codelines passed: 97


Generating file(s) ./keyval.sty 
\openout0 = `./keyval.sty'.


Processing file keyval.dtx (package) -> keyval.sty
File keyval.dtx ended by \endinput.
Lines  processed: 418
Comments removed: 327
Comments  passed: 8
Codelines passed: 66


Generating file(s) ./epsfig.sty 
\openout0 = `./epsfig.sty'.


Processing file epsfig.dtx (package) -> epsfig.sty
Lines  processed: 142
Comments removed: 40
Comments  passed: 8
Codelines passed: 85


Generating file(s) ./lscape.sty 
\openout0 = `./lscape.sty'.


Processing file lscape.dtx (package) -> lscape.sty
Lines  processed: 135
Comments removed: 77
Comments  passed: 8
Codelines passed: 41


Generating file(s) ./rotating.sty 
\openout0 = `./rotating.sty'.


Processing file rotating.dtx (package) -> rotating.sty
File rotating.dtx ended by \endinput.
Lines  processed: 684
Comments removed: 400
Comments  passed: 3
Codelines passed: 271

Overall statistics:
Files  processed: 8
Lines  processed: 5571
Comments removed: 3931
Comments  passed: 63
Codelines passed: 1494
 ) 
Here is how much of TeX's memory you used:
 387 strings out of 492996
 4054 string characters out of 6132730
 58050 words of memory out of 5000000
 4027 multiletter control sequences out of 15000+600000
 3640 words of font info for 14 fonts, out of 8000000 for 9000
 1141 hyphenation exceptions out of 8191
 13i,0n,15p,167b,125s stack positions out of 5000i,500n,10000p,200000b,80000s

No pages of output.
